[2026-04-12 16:07:46] [main] INFO  utility.LoggingUtil - Executing iframe test and alert test
[2026-04-12 16:07:47] [main] INFO  utility.LoggingUtil - Executing AgreeCheckboxValidationTest
[2026-04-12 16:07:47] [main] INFO  utility.LoggingUtil - Executing AddItemsToCartWithoutLogin
[2026-04-12 16:07:47] [main] INFO  utility.LoggingUtil - Executing iframe test and alert test
[2026-04-12 16:07:47] [main] INFO  utility.LoggingUtil - Executing End to End test with data provider
[2026-04-12 16:07:47] [main] INFO  utility.LoggingUtil - Executing End to End test with data provider
[2026-04-12 16:07:47] [main] INFO  utility.LoggingUtil - Executing End to End test with data provider
[2026-04-12 16:07:47] [main] INFO  utility.LoggingUtil - Executing AgreeCheckboxValidationTest
[2026-04-12 16:07:47] [main] INFO  utility.LoggingUtil - Executing AddItemsToCartWithoutLogin
[2026-04-12 16:18:15] [main] INFO  utility.LoggingUtil - Executing iframe test and alert test
[2026-04-12 16:18:16] [main] INFO  utility.LoggingUtil - Executing AgreeCheckboxValidationTest
[2026-04-12 16:18:16] [main] INFO  utility.LoggingUtil - Executing AddItemsToCartWithoutLogin
[2026-04-12 16:18:16] [main] INFO  utility.LoggingUtil - Executing iframe test and alert test
[2026-04-12 16:18:16] [main] INFO  utility.LoggingUtil - Executing End to End test with data provider
[2026-04-12 16:18:16] [main] INFO  utility.LoggingUtil - Executing End to End test with data provider
[2026-04-12 16:18:16] [main] INFO  utility.LoggingUtil - Executing End to End test with data provider
[2026-04-12 16:18:16] [main] INFO  utility.LoggingUtil - Executing AgreeCheckboxValidationTest
[2026-04-12 16:18:16] [main] INFO  utility.LoggingUtil - Executing AddItemsToCartWithoutLogin
[2026-04-12 16:19:28] [main] INFO  utility.LoggingUtil - Executing iframe test and alert test
[2026-04-12 16:20:22] [main] INFO  utility.LoggingUtil - Browser launched
[2026-04-12 16:20:22] [main] INFO  utility.LoggingUtil - Executing iframe test and alert test
[2026-04-12 16:20:39] [main] INFO  utility.LoggingUtil - iframe and alert action execution completed successfully
[2026-04-12 16:20:39] [main] INFO  utility.LoggingUtil - Browser closed
[2026-04-12 16:22:35] [main] INFO  utility.LoggingUtil - Browser launched
[2026-04-12 16:22:35] [main] INFO  utility.LoggingUtil - Executing iframe test and alert test
[2026-04-12 16:22:46] [main] INFO  utility.LoggingUtil - iframe and alert action execution completed successfully
[2026-04-12 16:22:46] [main] INFO  utility.LoggingUtil - Browser closed
[2026-04-12 16:26:58] [main] INFO  utility.LoggingUtil - Executing iframe test and alert test
[2026-04-12 16:30:20] [main] INFO  utility.LoggingUtil - Browser launched
[2026-04-12 16:30:20] [main] INFO  utility.LoggingUtil - Executing iframe test and alert test
[2026-04-12 16:30:35] [main] INFO  utility.LoggingUtil - iframe and alert action execution completed successfully
[2026-04-12 16:30:36] [main] INFO  utility.LoggingUtil - Browser closed
[2026-04-12 16:30:56] [main] INFO  utility.LoggingUtil - Browser launched
[2026-04-12 16:30:57] [main] INFO  utility.LoggingUtil - Executing iframe test and alert test
[2026-04-12 16:31:05] [main] INFO  utility.LoggingUtil - iframe and alert action execution completed successfully
[2026-04-12 16:31:05] [main] INFO  utility.LoggingUtil - Browser closed
[2026-04-12 16:31:08] [main] INFO  utility.LoggingUtil - Browser launched
[2026-04-12 16:31:08] [main] INFO  utility.LoggingUtil - Executing AgreeCheckboxValidationTest
[2026-04-12 16:31:24] [main] INFO  utility.LoggingUtil - Browser closed
[2026-04-12 16:31:29] [main] INFO  utility.LoggingUtil - Browser launched
[2026-04-12 16:31:29] [main] INFO  utility.LoggingUtil - Executing AddItemsToCartWithoutLogin
[2026-04-12 16:31:58] [main] INFO  utility.LoggingUtil - Browser closed
[2026-04-12 16:32:04] [main] INFO  utility.LoggingUtil - Browser launched
[2026-04-12 16:32:04] [main] INFO  utility.LoggingUtil - Executing iframe test and alert test
[2026-04-12 16:32:20] [main] INFO  utility.LoggingUtil - iframe and alert action execution completed successfully
[2026-04-12 16:32:20] [main] INFO  utility.LoggingUtil - Browser closed
[2026-04-12 16:32:26] [main] INFO  utility.LoggingUtil - Browser launched
[2026-04-12 16:32:26] [main] INFO  utility.LoggingUtil - Executing End to End test with data provider
[2026-04-12 16:32:54] [main] INFO  utility.LoggingUtil - Browser closed
[2026-04-12 16:33:00] [main] INFO  utility.LoggingUtil - Browser launched
[2026-04-12 16:33:00] [main] INFO  utility.LoggingUtil - Executing End to End test with data provider
[2026-04-12 16:33:24] [main] INFO  utility.LoggingUtil - Browser closed
[2026-04-12 16:33:30] [main] INFO  utility.LoggingUtil - Browser launched
[2026-04-12 16:33:30] [main] INFO  utility.LoggingUtil - Executing End to End test with data provider
[2026-04-12 16:33:54] [main] INFO  utility.LoggingUtil - Browser closed
[2026-04-12 16:34:00] [main] INFO  utility.LoggingUtil - Browser launched
[2026-04-12 16:34:00] [main] INFO  utility.LoggingUtil - Executing AgreeCheckboxValidationTest
[2026-04-12 16:34:13] [main] INFO  utility.LoggingUtil - Browser closed
[2026-04-12 16:34:19] [main] INFO  utility.LoggingUtil - Browser launched
[2026-04-12 16:34:19] [main] INFO  utility.LoggingUtil - Executing AddItemsToCartWithoutLogin
[2026-04-12 16:34:59] [main] INFO  utility.LoggingUtil - Browser closed
[2026-04-12 16:40:13] [main] INFO  utility.LoggingUtil - Browser launched
[2026-04-12 16:40:14] [main] INFO  utility.LoggingUtil - Executing iframe test and alert test
[2026-04-12 16:40:23] [main] INFO  utility.LoggingUtil - iframe and alert action execution completed successfully
[2026-04-12 16:40:24] [main] INFO  utility.LoggingUtil - Browser closed
[2026-04-12 16:40:29] [main] INFO  utility.LoggingUtil - Browser launched
[2026-04-12 16:40:29] [main] INFO  utility.LoggingUtil - Executing End to End test with data provider
[2026-04-12 16:40:58] [main] INFO  utility.LoggingUtil - Browser closed
[2026-04-12 16:41:04] [main] INFO  utility.LoggingUtil - Browser launched
[2026-04-12 16:41:04] [main] INFO  utility.LoggingUtil - Executing End to End test with data provider
[2026-04-12 16:41:33] [main] INFO  utility.LoggingUtil - Browser closed
[2026-04-12 16:41:39] [main] INFO  utility.LoggingUtil - Browser launched
[2026-04-12 16:41:40] [main] INFO  utility.LoggingUtil - Executing End to End test with data provider
[2026-04-12 16:42:03] [main] INFO  utility.LoggingUtil - Browser closed
[2026-04-12 16:42:09] [main] INFO  utility.LoggingUtil - Browser launched
[2026-04-12 16:42:09] [main] INFO  utility.LoggingUtil - Executing AgreeCheckboxValidationTest
[2026-04-12 16:42:23] [main] INFO  utility.LoggingUtil - Browser closed
[2026-04-12 16:42:28] [main] INFO  utility.LoggingUtil - Browser launched
[2026-04-12 16:42:28] [main] INFO  utility.LoggingUtil - Executing AddItemsToCartWithoutLogin
[2026-04-12 16:42:55] [main] INFO  utility.LoggingUtil - Browser closed
[2026-04-12 16:46:36] [main] INFO  utility.LoggingUtil - Browser launched
[2026-04-12 16:46:37] [main] INFO  utility.LoggingUtil - Executing End to End test with data provider
[2026-04-12 16:46:41] [main] INFO  utility.LoggingUtil - Browser closed
[2026-04-12 16:46:46] [main] INFO  utility.LoggingUtil - Browser launched
[2026-04-12 16:46:46] [main] INFO  utility.LoggingUtil - Executing End to End test with data provider
[2026-04-12 16:46:49] [main] INFO  utility.LoggingUtil - Browser closed
[2026-04-12 16:46:56] [main] INFO  utility.LoggingUtil - Browser launched
[2026-04-12 16:46:56] [main] INFO  utility.LoggingUtil - Executing End to End test with data provider
[2026-04-12 16:46:59] [main] INFO  utility.LoggingUtil - Browser closed
[2026-04-12 16:52:00] [main] INFO  utility.LoggingUtil - Browser launched
[2026-04-12 16:52:00] [main] INFO  utility.LoggingUtil - Executing End to End test with data provider
[2026-04-12 16:52:04] [main] INFO  utility.LoggingUtil - Browser closed
[2026-04-12 16:52:12] [main] INFO  utility.LoggingUtil - Browser launched
[2026-04-12 16:52:12] [main] INFO  utility.LoggingUtil - Executing End to End test with data provider
[2026-04-12 16:52:16] [main] INFO  utility.LoggingUtil - Browser closed
[2026-04-12 16:52:21] [main] INFO  utility.LoggingUtil - Browser launched
[2026-04-12 16:52:21] [main] INFO  utility.LoggingUtil - Executing End to End test with data provider
[2026-04-12 16:52:25] [main] INFO  utility.LoggingUtil - Browser closed
[2026-04-12 16:54:24] [main] INFO  utility.LoggingUtil - Browser launched
[2026-04-12 16:54:24] [main] INFO  utility.LoggingUtil - Executing End to End test with data provider
[2026-04-12 16:54:28] [main] INFO  utility.LoggingUtil - Browser closed
[2026-04-12 16:54:34] [main] INFO  utility.LoggingUtil - Browser launched
[2026-04-12 16:54:34] [main] INFO  utility.LoggingUtil - Executing End to End test with data provider
[2026-04-12 16:54:38] [main] INFO  utility.LoggingUtil - Browser closed
[2026-04-12 16:54:43] [main] INFO  utility.LoggingUtil - Browser launched
[2026-04-12 16:54:43] [main] INFO  utility.LoggingUtil - Executing End to End test with data provider
[2026-04-12 16:54:46] [main] INFO  utility.LoggingUtil - Browser closed
[2026-04-12 17:01:47] [main] INFO  utility.LoggingUtil - Browser launched
[2026-04-12 17:01:47] [main] INFO  utility.LoggingUtil - Executing End to End test with data provider
[2026-04-12 17:01:56] [main] INFO  utility.LoggingUtil - Browser closed
[2026-04-12 17:02:02] [main] INFO  utility.LoggingUtil - Browser launched
[2026-04-12 17:02:02] [main] INFO  utility.LoggingUtil - Executing End to End test with data provider
[2026-04-12 17:02:11] [main] INFO  utility.LoggingUtil - Browser closed
[2026-04-12 17:02:17] [main] INFO  utility.LoggingUtil - Browser launched
[2026-04-12 17:02:17] [main] INFO  utility.LoggingUtil - Executing End to End test with data provider
[2026-04-12 17:02:27] [main] INFO  utility.LoggingUtil - Browser closed
[2026-04-12 17:03:49] [main] INFO  utility.LoggingUtil - Browser launched
[2026-04-12 17:03:49] [main] INFO  utility.LoggingUtil - Executing End to End test with data provider
[2026-04-12 17:03:59] [main] INFO  utility.LoggingUtil - Browser closed
[2026-04-12 17:04:06] [main] INFO  utility.LoggingUtil - Browser launched
[2026-04-12 17:04:06] [main] INFO  utility.LoggingUtil - Executing End to End test with data provider
[2026-04-12 17:04:15] [main] INFO  utility.LoggingUtil - Browser closed
[2026-04-12 17:04:20] [main] INFO  utility.LoggingUtil - Browser launched
[2026-04-12 17:04:20] [main] INFO  utility.LoggingUtil - Executing End to End test with data provider
[2026-04-12 17:04:29] [main] INFO  utility.LoggingUtil - Browser closed
[2026-04-12 17:06:52] [main] INFO  utility.LoggingUtil - Browser launched
[2026-04-12 17:06:52] [main] INFO  utility.LoggingUtil - Executing AddItemsToCartWithoutLogin
[2026-04-12 17:07:24] [main] INFO  utility.LoggingUtil - Browser closed
[2026-04-12 17:08:12] [main] INFO  utility.LoggingUtil - Browser launched
[2026-04-12 17:08:12] [main] INFO  utility.LoggingUtil - Executing End to End test with data provider
[2026-04-12 17:08:40] [main] INFO  utility.LoggingUtil - Browser closed
[2026-04-12 17:08:45] [main] INFO  utility.LoggingUtil - Browser launched
[2026-04-12 17:08:45] [main] INFO  utility.LoggingUtil - Executing End to End test with data provider
[2026-04-12 17:09:09] [main] INFO  utility.LoggingUtil - Browser closed
[2026-04-12 17:09:16] [main] INFO  utility.LoggingUtil - Browser launched
[2026-04-12 17:09:16] [main] INFO  utility.LoggingUtil - Executing End to End test with data provider
[2026-04-12 17:09:41] [main] INFO  utility.LoggingUtil - Browser closed
[2026-04-12 17:10:58] [main] INFO  utility.LoggingUtil - Browser launched
[2026-04-12 17:10:58] [main] INFO  utility.LoggingUtil - Executing iframe test and alert test
[2026-04-12 17:11:08] [main] INFO  utility.LoggingUtil - iframe and alert action execution completed successfully
[2026-04-12 17:11:11] [main] INFO  utility.LoggingUtil - Browser closed
[2026-04-12 17:11:17] [main] INFO  utility.LoggingUtil - Browser launched
[2026-04-12 17:11:17] [main] INFO  utility.LoggingUtil - Executing End to End test with data provider
[2026-04-12 17:11:52] [main] INFO  utility.LoggingUtil - Browser closed
[2026-04-12 17:11:58] [main] INFO  utility.LoggingUtil - Browser launched
[2026-04-12 17:11:58] [main] INFO  utility.LoggingUtil - Executing End to End test with data provider
[2026-04-12 17:12:22] [main] INFO  utility.LoggingUtil - Browser closed
[2026-04-12 17:12:30] [main] INFO  utility.LoggingUtil - Browser launched
[2026-04-12 17:12:30] [main] INFO  utility.LoggingUtil - Executing End to End test with data provider
[2026-04-12 17:12:56] [main] INFO  utility.LoggingUtil - Browser closed
[2026-04-12 17:13:02] [main] INFO  utility.LoggingUtil - Browser launched
[2026-04-12 17:13:02] [main] INFO  utility.LoggingUtil - Executing AgreeCheckboxValidationTest
[2026-04-12 17:13:21] [main] INFO  utility.LoggingUtil - Browser closed
[2026-04-12 17:13:28] [main] INFO  utility.LoggingUtil - Browser launched
[2026-04-12 17:13:28] [main] INFO  utility.LoggingUtil - Executing AddItemsToCartWithoutLogin
[2026-04-12 17:13:56] [main] INFO  utility.LoggingUtil - Browser closed
[2026-04-12 17:34:41] [main] INFO  utility.LoggingUtil - Browser launched
[2026-04-12 17:34:41] [main] INFO  utility.LoggingUtil - Executing End to End test with data provider
[2026-04-12 17:35:09] [main] INFO  utility.LoggingUtil - Browser closed
[2026-04-12 17:35:15] [main] INFO  utility.LoggingUtil - Browser launched
[2026-04-12 17:35:15] [main] INFO  utility.LoggingUtil - Executing End to End test with data provider
[2026-04-12 17:35:43] [main] INFO  utility.LoggingUtil - Browser closed
[2026-04-12 17:35:50] [main] INFO  utility.LoggingUtil - Browser launched
[2026-04-12 17:35:50] [main] INFO  utility.LoggingUtil - Executing End to End test with data provider
[2026-04-12 17:36:14] [main] INFO  utility.LoggingUtil - Browser closed
[2026-04-12 17:37:19] [main] INFO  utility.LoggingUtil - Browser launched
[2026-04-12 17:37:19] [main] INFO  utility.LoggingUtil - Executing iframe test and alert test
[2026-04-12 17:37:44] [main] INFO  utility.LoggingUtil - iframe and alert action execution completed successfully
[2026-04-12 17:37:45] [main] INFO  utility.LoggingUtil - Browser closed
[2026-04-12 17:37:52] [main] INFO  utility.LoggingUtil - Browser launched
[2026-04-12 17:37:52] [main] INFO  utility.LoggingUtil - Executing AgreeCheckboxValidationTest
[2026-04-12 17:38:09] [main] INFO  utility.LoggingUtil - Browser closed
[2026-04-12 17:38:14] [main] INFO  utility.LoggingUtil - Browser launched
[2026-04-12 17:38:14] [main] INFO  utility.LoggingUtil - Executing AddItemsToCartWithoutLogin
[2026-04-12 17:38:41] [main] INFO  utility.LoggingUtil - Browser closed
[2026-04-12 17:38:47] [main] INFO  utility.LoggingUtil - Browser launched
[2026-04-12 17:38:47] [main] INFO  utility.LoggingUtil - Executing iframe test and alert test
[2026-04-12 17:38:57] [main] INFO  utility.LoggingUtil - iframe and alert action execution completed successfully
[2026-04-12 17:38:58] [main] INFO  utility.LoggingUtil - Browser closed
[2026-04-12 17:39:04] [main] INFO  utility.LoggingUtil - Browser launched
[2026-04-12 17:39:04] [main] INFO  utility.LoggingUtil - Executing End to End test with data provider
[2026-04-12 17:39:33] [main] INFO  utility.LoggingUtil - Browser closed
[2026-04-12 17:39:39] [main] INFO  utility.LoggingUtil - Browser launched
[2026-04-12 17:39:39] [main] INFO  utility.LoggingUtil - Executing End to End test with data provider
[2026-04-12 17:40:02] [main] INFO  utility.LoggingUtil - Browser closed
[2026-04-12 17:40:10] [main] INFO  utility.LoggingUtil - Browser launched
[2026-04-12 17:40:10] [main] INFO  utility.LoggingUtil - Executing End to End test with data provider
[2026-04-12 17:40:36] [main] INFO  utility.LoggingUtil - Browser closed
[2026-04-12 17:40:42] [main] INFO  utility.LoggingUtil - Browser launched
[2026-04-12 17:40:42] [main] INFO  utility.LoggingUtil - Executing AgreeCheckboxValidationTest
[2026-04-12 17:40:59] [main] INFO  utility.LoggingUtil - Browser closed
[2026-04-12 17:41:05] [main] INFO  utility.LoggingUtil - Browser launched
[2026-04-12 17:41:05] [main] INFO  utility.LoggingUtil - Executing AddItemsToCartWithoutLogin
[2026-04-12 17:42:00] [main] INFO  utility.LoggingUtil - Browser closed
[2026-04-12 17:53:45] [TestNG-tests-1] INFO  utility.LoggingUtil - Browser launched
[2026-04-12 17:53:45] [TestNG-tests-1] INFO  utility.LoggingUtil - Executing AddItemsToCartWithoutLogin
[2026-04-12 17:54:33] [TestNG-tests-1] INFO  utility.LoggingUtil - Browser closed
[2026-04-12 17:59:09] [TestNG-tests-1] INFO  utility.LoggingUtil - Browser launched
[2026-04-12 17:59:09] [TestNG-tests-1] INFO  utility.LoggingUtil - Executing AddItemsToCartWithoutLogin
[2026-04-12 17:59:31] [TestNG-tests-1] INFO  utility.LoggingUtil - Browser closed
[2026-04-12 18:00:15] [TestNG-tests-2] INFO  utility.LoggingUtil - Browser launched
[2026-04-12 18:00:15] [TestNG-tests-2] INFO  utility.LoggingUtil - Executing AddItemsToCartWithoutLogin
[2026-04-12 18:00:22] [TestNG-tests-2] INFO  utility.LoggingUtil - Browser closed
[2026-04-12 18:01:32] [TestNG-tests-2] INFO  utility.LoggingUtil - Browser launched
[2026-04-12 18:01:32] [TestNG-tests-1] INFO  utility.LoggingUtil - Browser launched
[2026-04-12 18:01:32] [TestNG-tests-2] INFO  utility.LoggingUtil - Executing AddItemsToCartWithoutLogin
[2026-04-12 18:01:32] [TestNG-tests-1] INFO  utility.LoggingUtil - Executing AddItemsToCartWithoutLogin
[2026-04-12 18:01:51] [TestNG-tests-2] INFO  utility.LoggingUtil - Browser closed
[2026-04-12 18:01:54] [TestNG-tests-1] INFO  utility.LoggingUtil - Browser closed
[2026-04-12 18:02:15] [TestNG-tests-1] INFO  utility.LoggingUtil - Browser launched
[2026-04-12 18:02:15] [TestNG-tests-2] INFO  utility.LoggingUtil - Browser launched
[2026-04-12 18:02:15] [TestNG-tests-1] INFO  utility.LoggingUtil - Executing AddItemsToCartWithoutLogin
[2026-04-12 18:02:15] [TestNG-tests-2] INFO  utility.LoggingUtil - Executing AddItemsToCartWithoutLogin
[2026-04-12 18:02:44] [TestNG-tests-1] INFO  utility.LoggingUtil - Browser closed
[2026-04-12 18:02:47] [TestNG-tests-2] INFO  utility.LoggingUtil - Browser closed
[2026-04-12 23:28:15] [main] INFO  utility.LoggingUtil - Browser launched
[2026-04-12 23:28:19] [main] INFO  utility.LoggingUtil - Browser closed
[2026-04-12 23:43:58] [main] INFO  utility.LoggingUtil - Browser launched
[2026-04-12 23:44:05] [main] INFO  utility.LoggingUtil - Browser closed
[2026-04-12 23:47:22] [main] INFO  utility.LoggingUtil - Browser launched
[2026-04-12 23:47:22] [main] INFO  utility.LoggingUtil - Executing iframe test and alert test
[2026-04-12 23:47:27] [main] INFO  utility.LoggingUtil - Browser closed
[2026-04-12 23:50:01] [main] INFO  utility.LoggingUtil - Browser launched
[2026-04-12 23:50:01] [main] INFO  utility.LoggingUtil - Executing iframe test and alert test
[2026-04-12 23:50:05] [main] INFO  utility.LoggingUtil - Browser closed
[2026-04-12 23:50:35] [main] INFO  utility.LoggingUtil - Browser launched
[2026-04-12 23:50:35] [main] INFO  utility.LoggingUtil - Executing iframe test and alert test
[2026-04-12 23:50:38] [main] INFO  utility.LoggingUtil - Browser closed
[2026-04-12 23:56:58] [main] INFO  utility.LoggingUtil - Browser launched
[2026-04-12 23:56:58] [main] INFO  utility.LoggingUtil - Executing iframe test and alert test
[2026-04-12 23:57:07] [main] INFO  utility.LoggingUtil - iframe and alert action execution completed successfully
[2026-04-12 23:57:08] [main] INFO  utility.LoggingUtil - Browser closed
[2026-04-13 10:36:23] [main] INFO  utility.LoggingUtil - Browser launched
[2026-04-13 10:36:23] [main] INFO  utility.LoggingUtil - Executing End to End test with data provider
[2026-04-13 10:36:23] [main] INFO  utility.LoggingUtil - Browser closed
[2026-04-13 10:36:28] [main] INFO  utility.LoggingUtil - Browser launched
[2026-04-13 10:36:28] [main] INFO  utility.LoggingUtil - Executing End to End test with data provider
[2026-04-13 10:36:30] [main] INFO  utility.LoggingUtil - Browser closed
[2026-04-13 10:36:37] [main] INFO  utility.LoggingUtil - Browser launched
[2026-04-13 10:36:37] [main] INFO  utility.LoggingUtil - Executing End to End test with data provider
[2026-04-13 10:36:49] [main] INFO  utility.LoggingUtil - Browser closed
[2026-04-13 10:37:45] [main] INFO  utility.LoggingUtil - Browser launched
[2026-04-13 10:37:45] [main] INFO  utility.LoggingUtil - Executing End to End test with data provider
[2026-04-13 10:38:17] [main] INFO  utility.LoggingUtil - Browser closed
[2026-04-13 10:38:22] [main] INFO  utility.LoggingUtil - Browser launched
[2026-04-13 10:38:22] [main] INFO  utility.LoggingUtil - Executing End to End test with data provider
[2026-04-13 10:38:46] [main] INFO  utility.LoggingUtil - Browser closed
[2026-04-13 10:38:51] [main] INFO  utility.LoggingUtil - Browser launched
[2026-04-13 10:38:51] [main] INFO  utility.LoggingUtil - Executing End to End test with data provider
[2026-04-13 10:39:16] [main] INFO  utility.LoggingUtil - Browser closed
[2026-04-13 12:32:32] [main] INFO  utility.LoggingUtil - Browser launched
[2026-04-13 12:32:37] [main] INFO  utility.LoggingUtil - Browser closed
[2026-04-13 12:32:43] [main] INFO  utility.LoggingUtil - Browser launched
[2026-04-13 12:32:48] [main] INFO  utility.LoggingUtil - Browser closed
[2026-04-13 12:32:54] [main] INFO  utility.LoggingUtil - Browser launched
[2026-04-13 12:33:04] [main] INFO  utility.LoggingUtil - Browser launched
[2026-04-13 12:33:05] [main] INFO  utility.LoggingUtil - Browser closed
[2026-04-13 12:41:53] [main] INFO  utility.LoggingUtil - Browser launched
[2026-04-13 12:41:57] [main] INFO  utility.LoggingUtil - Browser closed
[2026-04-13 12:42:03] [main] INFO  utility.LoggingUtil - Browser launched
[2026-04-13 12:42:07] [main] INFO  utility.LoggingUtil - Browser closed
[2026-04-13 12:42:13] [main] INFO  utility.LoggingUtil - Browser launched
[2026-04-13 12:42:19] [main] INFO  utility.LoggingUtil - Browser closed
[2026-04-13 12:45:34] [main] INFO  utility.LoggingUtil - Browser launched
[2026-04-13 12:45:45] [main] INFO  utility.LoggingUtil - Browser closed
[2026-04-13 12:45:51] [main] INFO  utility.LoggingUtil - Browser launched
[2026-04-13 12:45:59] [main] INFO  utility.LoggingUtil - Browser closed
[2026-04-13 12:46:42] [main] INFO  utility.LoggingUtil - Browser launched
[2026-04-13 12:46:51] [main] INFO  utility.LoggingUtil - Browser closed
[2026-04-13 12:46:57] [main] INFO  utility.LoggingUtil - Browser launched
[2026-04-13 12:47:06] [main] INFO  utility.LoggingUtil - Browser closed
[2026-04-13 12:47:59] [main] INFO  utility.LoggingUtil - Browser launched
[2026-04-13 12:48:07] [main] INFO  utility.LoggingUtil - Browser closed
[2026-04-13 12:48:14] [main] INFO  utility.LoggingUtil - Browser launched
[2026-04-13 12:48:25] [main] INFO  utility.LoggingUtil - Browser closed
[2026-04-13 13:00:06] [main] INFO  utility.LoggingUtil - Browser launched
[2026-04-13 13:00:12] [main] INFO  utility.LoggingUtil - Browser closed
[2026-04-13 13:00:18] [main] INFO  utility.LoggingUtil - Browser launched
[2026-04-13 13:00:32] [main] INFO  utility.LoggingUtil - Browser closed
[2026-04-22 11:45:27] [TestNG-tests-2] INFO  utility.LoggingUtil - Browser launched
[2026-04-22 11:45:27] [TestNG-tests-1] INFO  utility.LoggingUtil - Browser launched
[2026-04-22 11:45:27] [TestNG-tests-2] INFO  utility.LoggingUtil - Executing AgreeCheckboxValidationTest
[2026-04-22 11:45:27] [TestNG-tests-1] INFO  utility.LoggingUtil - Executing iframe test and alert test
[2026-04-22 11:46:12] [TestNG-tests-2] INFO  utility.LoggingUtil - Browser closed
[2026-04-22 11:46:59] [TestNG-tests-2] INFO  utility.LoggingUtil - Browser launched
[2026-04-22 11:46:59] [TestNG-tests-2] INFO  utility.LoggingUtil - Executing AddItemsToCartWithoutLogin
[2026-04-22 11:47:25] [TestNG-tests-1] INFO  utility.LoggingUtil - iframe and alert action execution completed successfully
[2026-04-22 11:47:26] [TestNG-tests-1] INFO  utility.LoggingUtil - Browser closed
[2026-04-22 11:47:39] [TestNG-tests-2] INFO  utility.LoggingUtil - Browser closed
[2026-04-22 11:47:53] [TestNG-tests-1] INFO  utility.LoggingUtil - Browser launched
[2026-04-22 11:47:53] [TestNG-tests-1] INFO  utility.LoggingUtil - Executing End to End test with data provider
[2026-04-22 11:48:25] [TestNG-tests-1] INFO  utility.LoggingUtil - Browser closed
[2026-04-22 11:48:43] [TestNG-tests-1] INFO  utility.LoggingUtil - Browser launched
[2026-04-22 11:48:43] [TestNG-tests-1] INFO  utility.LoggingUtil - Executing End to End test with data provider
[2026-04-22 11:49:11] [TestNG-tests-1] INFO  utility.LoggingUtil - Browser closed
[2026-04-22 11:49:27] [TestNG-tests-1] INFO  utility.LoggingUtil - Browser launched
[2026-04-22 11:49:27] [TestNG-tests-1] INFO  utility.LoggingUtil - Executing End to End test with data provider
[2026-04-22 11:49:56] [TestNG-tests-1] INFO  utility.LoggingUtil - Browser closed
[2026-04-22 12:12:02] [main] INFO  utility.LoggingUtil - Browser launched
[2026-04-22 12:12:12] [main] INFO  utility.LoggingUtil - Browser closed
[2026-04-22 20:25:33] [main] INFO  utility.LoggingUtil - Browser launched
[2026-04-22 20:25:33] [main] INFO  utility.LoggingUtil - Executing AgreeCheckboxValidationTest
[2026-04-22 20:25:54] [main] INFO  utility.LoggingUtil - Browser closed
[2026-04-22 20:26:44] [main] INFO  utility.LoggingUtil - Browser launched
[2026-04-22 20:26:44] [main] INFO  utility.LoggingUtil - Executing End to End test with data provider
[2026-04-22 20:27:06] [main] INFO  utility.LoggingUtil - Browser closed
[2026-04-22 20:27:37] [main] INFO  utility.LoggingUtil - Browser launched
[2026-04-22 20:27:37] [main] INFO  utility.LoggingUtil - Executing End to End test with data provider
[2026-04-22 20:28:06] [main] INFO  utility.LoggingUtil - Browser closed
[2026-04-22 20:28:24] [main] INFO  utility.LoggingUtil - Browser launched
[2026-04-22 20:28:24] [main] INFO  utility.LoggingUtil - Executing End to End test with data provider
[2026-04-22 20:28:58] [main] INFO  utility.LoggingUtil - Browser closed
[2026-04-22 20:29:28] [main] INFO  utility.LoggingUtil - Browser launched
[2026-04-22 20:29:37] [main] INFO  utility.LoggingUtil - Browser closed
[2026-04-22 20:30:08] [main] INFO  utility.LoggingUtil - Browser launched
[2026-04-22 20:30:18] [main] INFO  utility.LoggingUtil - Browser closed
[2026-04-22 20:31:02] [main] INFO  utility.LoggingUtil - Browser launched
[2026-04-22 20:31:31] [main] INFO  utility.LoggingUtil - Browser closed
[2026-04-22 20:31:58] [main] INFO  utility.LoggingUtil - Browser launched
[2026-04-22 20:31:58] [main] INFO  utility.LoggingUtil - Executing iframe test and alert test
[2026-04-22 20:33:50] [main] INFO  utility.LoggingUtil - iframe and alert action execution completed successfully
[2026-04-22 20:33:57] [main] INFO  utility.LoggingUtil - Browser closed
[2026-04-22 21:03:33] [TestNG-tests-1] INFO  utility.LoggingUtil - Browser launched
[2026-04-22 21:03:33] [TestNG-tests-2] INFO  utility.LoggingUtil - Browser launched
[2026-04-22 21:03:33] [TestNG-tests-1] INFO  utility.LoggingUtil - Executing iframe test and alert test
[2026-04-22 21:03:33] [TestNG-tests-2] INFO  utility.LoggingUtil - Executing AgreeCheckboxValidationTest
[2026-04-22 21:05:15] [TestNG-tests-2] INFO  utility.LoggingUtil - Browser closed
[2026-04-22 21:06:01] [TestNG-tests-1] INFO  utility.LoggingUtil - iframe and alert action execution completed successfully
[2026-04-22 21:06:02] [TestNG-tests-1] INFO  utility.LoggingUtil - Browser closed
[2026-04-22 21:06:20] [TestNG-tests-2] INFO  utility.LoggingUtil - Browser launched
[2026-04-22 21:06:20] [TestNG-tests-2] INFO  utility.LoggingUtil - Executing AddItemsToCartWithoutLogin
[2026-04-22 21:06:50] [TestNG-tests-1] INFO  utility.LoggingUtil - Browser launched
[2026-04-22 21:06:50] [TestNG-tests-1] INFO  utility.LoggingUtil - Executing End to End test with data provider
[2026-04-22 21:10:54] [TestNG-tests-2] INFO  utility.LoggingUtil - Browser closed
[2026-04-22 21:26:37] [TestNG-tests-1] INFO  utility.LoggingUtil - Browser launched
[2026-04-22 21:26:37] [TestNG-tests-1] INFO  utility.LoggingUtil - Browser closed
[2026-04-22 21:27:31] [TestNG-tests-1] INFO  utility.LoggingUtil - Browser launched
[2026-04-22 21:27:31] [TestNG-tests-1] INFO  utility.LoggingUtil - Browser closed
[2026-04-22 21:29:49] [TestNG-tests-1] INFO  utility.LoggingUtil - Browser launched
[2026-04-22 21:29:49] [TestNG-tests-2] INFO  utility.LoggingUtil - Browser launched
[2026-04-22 21:29:49] [TestNG-tests-2] INFO  utility.LoggingUtil - Executing AgreeCheckboxValidationTest
[2026-04-22 21:29:49] [TestNG-tests-1] INFO  utility.LoggingUtil - Executing iframe test and alert test
[2026-04-22 21:29:50] [TestNG-tests-2] INFO  utility.LoggingUtil - Browser closed
[2026-04-22 21:30:22] [TestNG-tests-2] INFO  utility.LoggingUtil - Browser launched
[2026-04-22 21:30:22] [TestNG-tests-2] INFO  utility.LoggingUtil - Executing AddItemsToCartWithoutLogin
[2026-04-22 21:30:28] [TestNG-tests-2] INFO  utility.LoggingUtil - Browser closed
[2026-04-22 21:30:57] [TestNG-tests-1] INFO  utility.LoggingUtil - iframe and alert action execution completed successfully
[2026-04-22 21:30:57] [TestNG-tests-1] INFO  utility.LoggingUtil - Browser closed
[2026-04-22 21:31:30] [TestNG-tests-1] INFO  utility.LoggingUtil - Browser launched
[2026-04-22 21:31:30] [TestNG-tests-1] INFO  utility.LoggingUtil - Executing End to End test with data provider
[2026-04-22 21:31:30] [TestNG-tests-1] INFO  utility.LoggingUtil - Browser closed
[2026-04-22 21:32:02] [TestNG-tests-1] INFO  utility.LoggingUtil - Browser launched
[2026-04-22 21:32:02] [TestNG-tests-1] INFO  utility.LoggingUtil - Executing End to End test with data provider
[2026-04-22 21:32:03] [TestNG-tests-1] INFO  utility.LoggingUtil - Browser closed
[2026-04-22 21:32:36] [TestNG-tests-1] INFO  utility.LoggingUtil - Browser launched
[2026-04-22 21:32:36] [TestNG-tests-1] INFO  utility.LoggingUtil - Executing End to End test with data provider
[2026-04-22 21:32:37] [TestNG-tests-1] INFO  utility.LoggingUtil - Browser closed
[2026-04-22 21:34:51] [TestNG-tests-2] INFO  utility.LoggingUtil - Browser launched
[2026-04-22 21:34:51] [TestNG-tests-1] INFO  utility.LoggingUtil - Browser launched
[2026-04-22 21:34:51] [TestNG-tests-2] INFO  utility.LoggingUtil - Executing AgreeCheckboxValidationTest
[2026-04-22 21:34:51] [TestNG-tests-1] INFO  utility.LoggingUtil - Executing iframe test and alert test
[2026-04-22 21:34:51] [TestNG-tests-1] INFO  utility.LoggingUtil - Browser closed
[2026-04-22 21:34:51] [TestNG-tests-2] INFO  utility.LoggingUtil - Browser closed
[2026-04-22 21:35:19] [TestNG-tests-2] INFO  utility.LoggingUtil - Browser launched
[2026-04-22 21:35:19] [TestNG-tests-2] INFO  utility.LoggingUtil - Executing AddItemsToCartWithoutLogin
[2026-04-22 21:35:21] [TestNG-tests-1] INFO  utility.LoggingUtil - Browser launched
[2026-04-22 21:35:21] [TestNG-tests-1] INFO  utility.LoggingUtil - Executing End to End test with data provider
[2026-04-22 21:35:23] [TestNG-tests-1] INFO  utility.LoggingUtil - Browser closed
[2026-04-22 21:35:25] [TestNG-tests-2] INFO  utility.LoggingUtil - Browser closed
[2026-04-22 21:35:27] [TestNG-tests-1] INFO  utility.LoggingUtil - Browser launched
[2026-04-22 21:35:27] [TestNG-tests-1] INFO  utility.LoggingUtil - Executing End to End test with data provider
[2026-04-22 21:35:27] [TestNG-tests-1] INFO  utility.LoggingUtil - Browser closed
[2026-04-22 21:35:30] [TestNG-tests-1] INFO  utility.LoggingUtil - Browser launched
[2026-04-22 21:35:30] [TestNG-tests-1] INFO  utility.LoggingUtil - Executing End to End test with data provider
[2026-04-22 21:35:31] [TestNG-tests-1] INFO  utility.LoggingUtil - Browser closed
[2026-04-22 21:36:19] [TestNG-tests-1] INFO  utility.LoggingUtil - Browser launched
[2026-04-22 21:36:19] [TestNG-tests-2] INFO  utility.LoggingUtil - Browser launched
[2026-04-22 21:36:19] [TestNG-tests-1] INFO  utility.LoggingUtil - Executing iframe test and alert test
[2026-04-22 21:36:19] [TestNG-tests-2] INFO  utility.LoggingUtil - Executing AgreeCheckboxValidationTest
[2026-04-22 21:36:20] [TestNG-tests-2] INFO  utility.LoggingUtil - Browser closed
[2026-04-22 21:36:53] [TestNG-tests-2] INFO  utility.LoggingUtil - Browser launched
[2026-04-22 21:36:53] [TestNG-tests-2] INFO  utility.LoggingUtil - Executing AddItemsToCartWithoutLogin
[2026-04-22 21:36:59] [TestNG-tests-2] INFO  utility.LoggingUtil - Browser closed
[2026-04-23 12:13:33] [TestNG-tests-1] INFO  utility.LoggingUtil - Browser launched
[2026-04-23 12:13:33] [TestNG-tests-1] INFO  utility.LoggingUtil - Executing iframe test and alert test
[2026-04-23 12:13:34] [TestNG-tests-2] INFO  utility.LoggingUtil - Browser launched
[2026-04-23 12:13:34] [TestNG-tests-2] INFO  utility.LoggingUtil - Executing AgreeCheckboxValidationTest
[2026-04-23 12:13:52] [TestNG-tests-1] INFO  utility.LoggingUtil - iframe and alert action execution completed successfully
[2026-04-23 12:13:53] [TestNG-tests-1] INFO  utility.LoggingUtil - Browser closed
[2026-04-23 12:14:00] [TestNG-tests-2] INFO  utility.LoggingUtil - Browser closed
[2026-04-23 12:14:01] [TestNG-tests-1] INFO  utility.LoggingUtil - Browser launched
[2026-04-23 12:14:01] [TestNG-tests-1] INFO  utility.LoggingUtil - Executing End to End test with data provider
[2026-04-23 12:14:12] [TestNG-tests-2] INFO  utility.LoggingUtil - Browser launched
[2026-04-23 12:14:12] [TestNG-tests-2] INFO  utility.LoggingUtil - Executing AddItemsToCartWithoutLogin
[2026-04-23 12:14:28] [TestNG-tests-1] INFO  utility.LoggingUtil - Browser closed
[2026-04-23 12:14:32] [TestNG-tests-1] INFO  utility.LoggingUtil - Browser launched
[2026-04-23 12:14:32] [TestNG-tests-1] INFO  utility.LoggingUtil - Executing End to End test with data provider
[2026-04-23 12:14:55] [TestNG-tests-2] INFO  utility.LoggingUtil - Browser closed
[2026-04-23 12:15:04] [TestNG-tests-1] INFO  utility.LoggingUtil - Browser closed
[2026-04-23 12:15:11] [TestNG-tests-1] INFO  utility.LoggingUtil - Browser launched
[2026-04-23 12:15:11] [TestNG-tests-1] INFO  utility.LoggingUtil - Executing End to End test with data provider
[2026-04-23 12:15:40] [TestNG-tests-1] INFO  utility.LoggingUtil - Browser closed
[2026-04-23 12:21:08] [TestNG-tests-1] INFO  utility.LoggingUtil - Browser launched
[2026-04-23 12:21:08] [TestNG-tests-2] INFO  utility.LoggingUtil - Browser launched
[2026-04-23 12:21:08] [TestNG-tests-1] INFO  utility.LoggingUtil - Executing iframe test and alert test
[2026-04-23 12:21:08] [TestNG-tests-2] INFO  utility.LoggingUtil - Executing AgreeCheckboxValidationTest
[2026-04-23 12:21:53] [TestNG-tests-2] INFO  utility.LoggingUtil - Browser closed
[2026-04-23 12:22:20] [TestNG-tests-1] INFO  utility.LoggingUtil - iframe and alert action execution completed successfully
[2026-04-23 12:22:20] [TestNG-tests-1] INFO  utility.LoggingUtil - Browser closed
[2026-04-23 12:22:26] [TestNG-tests-2] INFO  utility.LoggingUtil - Browser launched
[2026-04-23 12:22:26] [TestNG-tests-2] INFO  utility.LoggingUtil - Executing AddItemsToCartWithoutLogin
[2026-04-23 12:22:39] [TestNG-tests-1] INFO  utility.LoggingUtil - Browser launched
[2026-04-23 12:22:39] [TestNG-tests-1] INFO  utility.LoggingUtil - Executing End to End test with data provider
[2026-04-23 12:22:55] [TestNG-tests-2] INFO  utility.LoggingUtil - Browser closed
[2026-04-23 12:23:31] [TestNG-tests-1] INFO  utility.LoggingUtil - Browser closed
[2026-04-23 12:23:43] [TestNG-tests-1] INFO  utility.LoggingUtil - Browser launched
[2026-04-23 12:23:43] [TestNG-tests-1] INFO  utility.LoggingUtil - Executing End to End test with data provider
[2026-04-23 12:24:12] [TestNG-tests-1] INFO  utility.LoggingUtil - Browser closed
[2026-04-23 12:24:22] [TestNG-tests-1] INFO  utility.LoggingUtil - Browser launched
[2026-04-23 12:24:22] [TestNG-tests-1] INFO  utility.LoggingUtil - Executing End to End test with data provider
[2026-04-23 12:24:50] [TestNG-tests-1] INFO  utility.LoggingUtil - Browser closed
[2026-04-23 12:25:29] [TestNG-tests-2] INFO  utility.LoggingUtil - Browser launched
[2026-04-23 12:25:29] [TestNG-tests-1] INFO  utility.LoggingUtil - Browser launched
[2026-04-23 12:25:29] [TestNG-tests-1] INFO  utility.LoggingUtil - Executing iframe test and alert test
[2026-04-23 12:25:29] [TestNG-tests-2] INFO  utility.LoggingUtil - Executing AgreeCheckboxValidationTest
[2026-04-23 12:26:20] [TestNG-tests-2] INFO  utility.LoggingUtil - Browser closed
[2026-04-23 12:26:20] [TestNG-tests-1] INFO  utility.LoggingUtil - iframe and alert action execution completed successfully
[2026-04-23 12:26:20] [TestNG-tests-1] INFO  utility.LoggingUtil - Browser closed
[2026-04-23 12:26:35] [TestNG-tests-2] INFO  utility.LoggingUtil - Browser launched
[2026-04-23 12:26:35] [TestNG-tests-2] INFO  utility.LoggingUtil - Executing AddItemsToCartWithoutLogin
[2026-04-23 12:26:35] [TestNG-tests-1] INFO  utility.LoggingUtil - Browser launched
[2026-04-23 12:26:35] [TestNG-tests-1] INFO  utility.LoggingUtil - Executing End to End test with data provider
[2026-04-23 12:27:18] [TestNG-tests-1] INFO  utility.LoggingUtil - Browser closed
[2026-04-23 12:27:21] [TestNG-tests-2] INFO  utility.LoggingUtil - Browser closed
[2026-04-23 12:27:37] [TestNG-tests-1] INFO  utility.LoggingUtil - Browser launched
[2026-04-23 12:27:37] [TestNG-tests-1] INFO  utility.LoggingUtil - Executing End to End test with data provider
[2026-04-23 12:28:06] [TestNG-tests-1] INFO  utility.LoggingUtil - Browser closed
[2026-04-23 12:28:18] [TestNG-tests-1] INFO  utility.LoggingUtil - Browser launched
[2026-04-23 12:28:18] [TestNG-tests-1] INFO  utility.LoggingUtil - Executing End to End test with data provider
[2026-04-23 12:28:51] [TestNG-tests-1] INFO  utility.LoggingUtil - Browser closed
[2026-04-23 12:30:59] [main] INFO  utility.LoggingUtil - Browser launched
[2026-04-23 12:30:59] [main] INFO  utility.LoggingUtil - Executing iframe test and alert test
[2026-04-23 12:35:04] [main] INFO  utility.LoggingUtil - Browser closed
[2026-04-23 12:35:38] [main] INFO  utility.LoggingUtil - Browser launched
[2026-04-23 12:35:38] [main] INFO  utility.LoggingUtil - Executing End to End test with data provider
[2026-04-23 12:35:39] [main] INFO  utility.LoggingUtil - Browser closed
[2026-04-23 12:36:11] [main] INFO  utility.LoggingUtil - Browser launched
[2026-04-23 12:36:11] [main] INFO  utility.LoggingUtil - Executing End to End test with data provider
[2026-04-23 12:36:12] [main] INFO  utility.LoggingUtil - Browser closed
[2026-04-23 12:36:31] [main] INFO  utility.LoggingUtil - Browser launched
[2026-04-23 12:36:31] [main] INFO  utility.LoggingUtil - Executing End to End test with data provider
[2026-04-23 12:36:32] [main] INFO  utility.LoggingUtil - Browser closed
[2026-04-23 12:36:35] [main] INFO  utility.LoggingUtil - Browser launched
[2026-04-23 12:36:35] [main] INFO  utility.LoggingUtil - Executing AgreeCheckboxValidationTest
[2026-04-23 12:36:36] [main] INFO  utility.LoggingUtil - Browser closed
[2026-04-23 12:40:47] [main] INFO  utility.LoggingUtil - Browser launched
[2026-04-23 12:40:47] [main] INFO  utility.LoggingUtil - Executing iframe test and alert test
[2026-04-23 12:41:18] [main] INFO  utility.LoggingUtil - Browser closed
[2026-04-23 12:41:52] [main] INFO  utility.LoggingUtil - Browser launched
[2026-04-23 12:41:52] [main] INFO  utility.LoggingUtil - Executing End to End test with data provider
[2026-04-23 12:41:53] [main] INFO  utility.LoggingUtil - Browser closed
[2026-04-23 12:42:26] [main] INFO  utility.LoggingUtil - Browser launched
[2026-04-23 12:42:26] [main] INFO  utility.LoggingUtil - Executing End to End test with data provider
[2026-04-23 12:42:27] [main] INFO  utility.LoggingUtil - Browser closed
[2026-04-23 12:43:00] [main] INFO  utility.LoggingUtil - Browser launched
[2026-04-23 12:43:00] [main] INFO  utility.LoggingUtil - Executing End to End test with data provider
[2026-04-23 12:43:01] [main] INFO  utility.LoggingUtil - Browser closed
[2026-04-23 12:43:32] [main] INFO  utility.LoggingUtil - Browser launched
[2026-04-23 12:43:32] [main] INFO  utility.LoggingUtil - Executing AgreeCheckboxValidationTest
[2026-04-23 12:43:33] [main] INFO  utility.LoggingUtil - Browser closed
[2026-04-23 12:44:05] [main] INFO  utility.LoggingUtil - Browser launched
[2026-04-23 12:44:05] [main] INFO  utility.LoggingUtil - Executing AddItemsToCartWithoutLogin
[2026-04-23 12:44:11] [main] INFO  utility.LoggingUtil - Browser closed
[2026-04-23 12:44:44] [main] INFO  utility.LoggingUtil - Browser launched
[2026-04-23 12:44:44] [main] INFO  utility.LoggingUtil - Browser closed
[2026-04-23 12:47:47] [main] INFO  utility.LoggingUtil - Browser launched
[2026-04-23 12:47:47] [main] INFO  utility.LoggingUtil - Executing iframe test and alert test
[2026-04-23 12:49:58] [main] INFO  utility.LoggingUtil - iframe and alert action execution completed successfully
[2026-04-23 12:49:59] [main] INFO  utility.LoggingUtil - Browser closed
[2026-04-23 12:50:40] [main] INFO  utility.LoggingUtil - Browser launched
[2026-04-23 12:50:40] [main] INFO  utility.LoggingUtil - Executing iframe test and alert test
[2026-04-23 12:52:45] [main] INFO  utility.LoggingUtil - iframe and alert action execution completed successfully
[2026-04-23 12:52:46] [main] INFO  utility.LoggingUtil - Browser closed
[2026-04-23 12:53:10] [main] INFO  utility.LoggingUtil - Browser launched
[2026-04-23 12:53:10] [main] INFO  utility.LoggingUtil - Executing End to End test with data provider
[2026-04-23 12:54:05] [main] INFO  utility.LoggingUtil - Browser closed
[2026-04-23 12:54:39] [main] INFO  utility.LoggingUtil - Browser launched
[2026-04-23 12:54:39] [main] INFO  utility.LoggingUtil - Executing End to End test with data provider
[2026-04-23 12:55:05] [main] INFO  utility.LoggingUtil - Browser closed
[2026-04-23 12:55:41] [main] INFO  utility.LoggingUtil - Browser launched
[2026-04-23 12:55:41] [main] INFO  utility.LoggingUtil - Executing End to End test with data provider
[2026-04-23 12:56:10] [main] INFO  utility.LoggingUtil - Browser closed
[2026-04-23 12:56:54] [main] INFO  utility.LoggingUtil - Browser launched
[2026-04-23 12:56:54] [main] INFO  utility.LoggingUtil - Executing AgreeCheckboxValidationTest
[2026-04-23 12:58:25] [main] INFO  utility.LoggingUtil - Browser closed
[2026-04-23 12:59:13] [main] INFO  utility.LoggingUtil - Browser launched
[2026-04-23 12:59:13] [main] INFO  utility.LoggingUtil - Executing AddItemsToCartWithoutLogin
[2026-04-23 12:59:47] [main] INFO  utility.LoggingUtil - Browser closed
[2026-04-23 13:00:21] [main] INFO  utility.LoggingUtil - Browser launched
[2026-04-23 13:00:34] [main] INFO  utility.LoggingUtil - Browser closed
[2026-04-23 13:11:44] [TestNG-tests-1] INFO  utility.LoggingUtil - Browser launched
[2026-04-23 13:11:44] [TestNG-tests-2] INFO  utility.LoggingUtil - Browser launched
[2026-04-23 13:11:44] [TestNG-tests-2] INFO  utility.LoggingUtil - Executing AddItemsToCartWithoutLogin
[2026-04-23 13:11:44] [TestNG-tests-1] INFO  utility.LoggingUtil - Executing End to End test with data provider
[2026-04-23 13:11:45] [TestNG-tests-1] INFO  utility.LoggingUtil - Browser closed
[2026-04-23 13:11:50] [TestNG-tests-2] INFO  utility.LoggingUtil - Browser closed
[2026-04-23 13:12:19] [TestNG-tests-1] INFO  utility.LoggingUtil - Browser launched
[2026-04-23 13:12:19] [TestNG-tests-1] INFO  utility.LoggingUtil - Executing End to End test with data provider
[2026-04-23 13:12:19] [TestNG-tests-1] INFO  utility.LoggingUtil - Browser closed
[2026-04-23 13:12:37] [TestNG-tests-1] INFO  utility.LoggingUtil - Browser launched
[2026-04-23 13:12:37] [TestNG-tests-1] INFO  utility.LoggingUtil - Executing End to End test with data provider
[2026-04-23 13:13:02] [TestNG-tests-1] INFO  utility.LoggingUtil - Browser closed
[2026-04-23 13:19:35] [TestNG-tests-2] INFO  utility.LoggingUtil - Browser launched
[2026-04-23 13:19:35] [TestNG-tests-1] INFO  utility.LoggingUtil - Browser launched
[2026-04-23 13:19:35] [TestNG-tests-1] INFO  utility.LoggingUtil - Executing End to End test with data provider
[2026-04-23 13:19:35] [TestNG-tests-2] INFO  utility.LoggingUtil - Executing AddItemsToCartWithoutLogin
[2026-04-23 13:20:12] [TestNG-tests-1] INFO  utility.LoggingUtil - Browser closed
[2026-04-23 13:20:12] [TestNG-tests-2] INFO  utility.LoggingUtil - Browser closed
[2026-04-23 13:20:41] [TestNG-tests-1] INFO  utility.LoggingUtil - Browser launched
[2026-04-23 13:20:41] [TestNG-tests-1] INFO  utility.LoggingUtil - Executing End to End test with data provider
[2026-04-23 13:21:11] [TestNG-tests-1] INFO  utility.LoggingUtil - Browser closed
[2026-04-23 13:21:42] [TestNG-tests-1] INFO  utility.LoggingUtil - Browser launched
[2026-04-23 13:21:42] [TestNG-tests-1] INFO  utility.LoggingUtil - Executing End to End test with data provider
[2026-04-23 13:22:16] [TestNG-tests-1] INFO  utility.LoggingUtil - Browser closed
[2026-04-23 15:03:53] [main] INFO  utility.LoggingUtil - Browser launched
[2026-04-23 15:03:53] [main] INFO  utility.LoggingUtil - Executing AddItemsToCartWithoutLogin
[2026-04-23 15:04:59] [main] INFO  utility.LoggingUtil - Browser closed
[2026-04-23 15:06:11] [TestNG-tests-2] INFO  utility.LoggingUtil - Browser launched
[2026-04-23 15:06:11] [TestNG-tests-2] INFO  utility.LoggingUtil - Executing AddItemsToCartWithoutLogin
[2026-04-23 15:06:18] [TestNG-tests-1] INFO  utility.LoggingUtil - Browser launched
[2026-04-23 15:06:18] [TestNG-tests-1] INFO  utility.LoggingUtil - Executing End to End test with data provider
[2026-04-23 15:07:28] [TestNG-tests-2] INFO  utility.LoggingUtil - Browser closed
[2026-04-23 15:08:33] [TestNG-tests-1] INFO  utility.LoggingUtil - Browser closed
[2026-04-23 15:09:01] [TestNG-tests-1] INFO  utility.LoggingUtil - Browser launched
[2026-04-23 15:09:01] [TestNG-tests-1] INFO  utility.LoggingUtil - Executing End to End test with data provider
[2026-04-23 15:09:43] [TestNG-tests-1] INFO  utility.LoggingUtil - Browser closed
[2026-04-23 15:10:06] [TestNG-tests-1] INFO  utility.LoggingUtil - Browser launched
[2026-04-23 15:10:06] [TestNG-tests-1] INFO  utility.LoggingUtil - Executing End to End test with data provider
[2026-04-23 15:10:42] [TestNG-tests-1] INFO  utility.LoggingUtil - Browser closed
[2026-04-23 15:30:19] [TestNG-tests-2] INFO  utility.LoggingUtil - Browser launched
[2026-04-23 15:30:19] [TestNG-tests-2] INFO  utility.LoggingUtil - Executing AddItemsToCartWithoutLogin
[2026-04-23 15:30:23] [TestNG-tests-1] INFO  utility.LoggingUtil - Browser launched
[2026-04-23 15:30:23] [TestNG-tests-1] INFO  utility.LoggingUtil - Executing End to End test with data provider
[2026-04-23 15:31:13] [TestNG-tests-1] INFO  utility.LoggingUtil - Browser closed
[2026-04-23 15:31:19] [TestNG-tests-2] INFO  utility.LoggingUtil - Browser closed
[2026-04-23 15:31:24] [TestNG-tests-1] INFO  utility.LoggingUtil - Browser launched
[2026-04-23 15:31:24] [TestNG-tests-1] INFO  utility.LoggingUtil - Executing End to End test with data provider
[2026-04-23 15:31:51] [TestNG-tests-1] INFO  utility.LoggingUtil - Browser closed
[2026-04-23 15:32:04] [TestNG-tests-1] INFO  utility.LoggingUtil - Browser launched
[2026-04-23 15:32:04] [TestNG-tests-1] INFO  utility.LoggingUtil - Executing End to End test with data provider
[2026-04-23 15:32:31] [TestNG-tests-1] INFO  utility.LoggingUtil - Browser closed
[2026-04-23 15:32:41] [TestNG-tests-1] INFO  utility.LoggingUtil - Browser launched
[2026-04-23 15:32:41] [TestNG-tests-1] INFO  utility.LoggingUtil - Executing End to End test with data provider
[2026-04-23 15:33:19] [TestNG-tests-1] INFO  utility.LoggingUtil - Browser closed
[2026-04-23 15:33:27] [TestNG-tests-1] INFO  utility.LoggingUtil - Browser launched
[2026-04-23 15:33:27] [TestNG-tests-1] INFO  utility.LoggingUtil - Executing End to End test with data provider
[2026-04-23 15:33:57] [TestNG-tests-1] INFO  utility.LoggingUtil - Browser closed
[2026-04-23 15:34:00] [TestNG-tests-1] INFO  utility.LoggingUtil - Browser launched
[2026-04-23 15:34:00] [TestNG-tests-1] INFO  utility.LoggingUtil - Executing End to End test with data provider
[2026-04-23 15:34:33] [TestNG-tests-1] INFO  utility.LoggingUtil - Browser closed
[2026-04-23 15:34:50] [TestNG-tests-1] INFO  utility.LoggingUtil - Browser launched
[2026-04-23 15:34:50] [TestNG-tests-1] INFO  utility.LoggingUtil - Executing End to End test with data provider
[2026-04-23 15:35:18] [TestNG-tests-1] INFO  utility.LoggingUtil - Browser closed
[2026-04-23 15:37:24] [main] INFO  utility.LoggingUtil - Browser launched
[2026-04-23 15:37:24] [main] INFO  utility.LoggingUtil - Executing iframe test and alert test
[2026-04-23 15:38:40] [main] INFO  utility.LoggingUtil - iframe and alert action execution completed successfully
[2026-04-23 15:38:41] [main] INFO  utility.LoggingUtil - Browser closed
[2026-04-23 15:38:51] [main] INFO  utility.LoggingUtil - Browser launched
[2026-04-23 15:38:51] [main] INFO  utility.LoggingUtil - Executing AgreeCheckboxValidationTest
[2026-04-23 15:39:14] [main] INFO  utility.LoggingUtil - Browser closed
[2026-04-23 15:39:22] [main] INFO  utility.LoggingUtil - Browser launched
[2026-04-23 15:39:22] [main] INFO  utility.LoggingUtil - Executing End to End test with data provider
[2026-04-23 15:39:59] [main] INFO  utility.LoggingUtil - Browser closed
[2026-04-23 15:40:07] [main] INFO  utility.LoggingUtil - Browser launched
[2026-04-23 15:40:07] [main] INFO  utility.LoggingUtil - Executing End to End test with data provider
[2026-04-23 15:40:34] [main] INFO  utility.LoggingUtil - Browser closed
[2026-04-23 15:40:42] [main] INFO  utility.LoggingUtil - Browser launched
[2026-04-23 15:40:42] [main] INFO  utility.LoggingUtil - Executing End to End test with data provider
[2026-04-23 15:41:10] [main] INFO  utility.LoggingUtil - Browser closed
[2026-04-23 15:41:13] [main] INFO  utility.LoggingUtil - Browser launched
[2026-04-23 15:41:13] [main] INFO  utility.LoggingUtil - Executing AddItemsToCartWithoutLogin
[2026-04-23 15:41:57] [main] INFO  utility.LoggingUtil - Browser closed
[2026-04-23 21:15:07] [TestNG-tests-2] INFO  utility.LoggingUtil - Browser launched
[2026-04-23 21:15:07] [TestNG-tests-1] INFO  utility.LoggingUtil - Browser launched
[2026-04-23 21:15:07] [TestNG-tests-2] INFO  utility.LoggingUtil - Executing AddItemsToCartWithoutLogin
[2026-04-23 21:15:07] [TestNG-tests-1] INFO  utility.LoggingUtil - Executing End to End test with data provider
[2026-04-23 21:16:03] [TestNG-tests-1] INFO  utility.LoggingUtil - Browser closed
[2026-04-23 21:16:03] [TestNG-tests-2] INFO  utility.LoggingUtil - Browser closed
[2026-04-23 21:16:38] [TestNG-tests-1] INFO  utility.LoggingUtil - Browser launched
[2026-04-23 21:16:38] [TestNG-tests-1] INFO  utility.LoggingUtil - Executing End to End test with data provider
[2026-04-23 21:16:39] [TestNG-tests-1] INFO  utility.LoggingUtil - Browser closed
[2026-04-23 21:17:14] [TestNG-tests-1] INFO  utility.LoggingUtil - Browser launched
[2026-04-23 21:17:14] [TestNG-tests-1] INFO  utility.LoggingUtil - Executing End to End test with data provider
[2026-04-23 21:17:14] [TestNG-tests-1] INFO  utility.LoggingUtil - Browser closed
[2026-04-23 21:18:14] [TestNG-tests-2] INFO  utility.LoggingUtil - Browser launched
[2026-04-23 21:18:14] [TestNG-tests-1] INFO  utility.LoggingUtil - Browser launched
[2026-04-23 21:18:14] [TestNG-tests-2] INFO  utility.LoggingUtil - Executing AddItemsToCartWithoutLogin
[2026-04-23 21:18:14] [TestNG-tests-1] INFO  utility.LoggingUtil - Executing End to End test with data provider
[2026-04-23 21:18:15] [TestNG-tests-1] INFO  utility.LoggingUtil - Browser closed
[2026-04-23 21:18:20] [TestNG-tests-2] INFO  utility.LoggingUtil - Browser closed
[2026-04-23 21:18:48] [TestNG-tests-1] INFO  utility.LoggingUtil - Browser launched
[2026-04-23 21:18:48] [TestNG-tests-1] INFO  utility.LoggingUtil - Executing End to End test with data provider
[2026-04-23 21:18:48] [TestNG-tests-1] INFO  utility.LoggingUtil - Browser closed
[2026-04-23 21:19:20] [TestNG-tests-1] INFO  utility.LoggingUtil - Browser launched
[2026-04-23 21:19:20] [TestNG-tests-1] INFO  utility.LoggingUtil - Executing End to End test with data provider
[2026-04-23 21:19:21] [TestNG-tests-1] INFO  utility.LoggingUtil - Browser closed
[2026-04-23 21:20:21] [TestNG-tests-1] INFO  utility.LoggingUtil - Browser launched
[2026-04-23 21:20:21] [TestNG-tests-2] INFO  utility.LoggingUtil - Browser launched
[2026-04-23 21:20:21] [TestNG-tests-2] INFO  utility.LoggingUtil - Executing AddItemsToCartWithoutLogin
[2026-04-23 21:20:21] [TestNG-tests-1] INFO  utility.LoggingUtil - Executing End to End test with data provider
[2026-04-23 21:20:21] [TestNG-tests-1] INFO  utility.LoggingUtil - Browser closed
[2026-04-23 21:20:26] [TestNG-tests-2] INFO  utility.LoggingUtil - Browser closed
[2026-04-23 21:20:54] [TestNG-tests-1] INFO  utility.LoggingUtil - Browser launched
[2026-04-23 21:20:54] [TestNG-tests-1] INFO  utility.LoggingUtil - Executing End to End test with data provider
[2026-04-23 21:20:55] [TestNG-tests-1] INFO  utility.LoggingUtil - Browser closed
[2026-04-23 21:21:27] [TestNG-tests-1] INFO  utility.LoggingUtil - Browser launched
[2026-04-23 21:21:27] [TestNG-tests-1] INFO  utility.LoggingUtil - Executing End to End test with data provider
[2026-04-23 21:21:27] [TestNG-tests-1] INFO  utility.LoggingUtil - Browser closed
[2026-04-23 21:37:03] [TestNG-tests-2] INFO  utility.LoggingUtil - Browser launched
[2026-04-23 21:37:03] [TestNG-tests-2] INFO  utility.LoggingUtil - Executing AddItemsToCartWithoutLogin
[2026-04-23 21:37:05] [TestNG-tests-1] INFO  utility.LoggingUtil - Browser launched
[2026-04-23 21:37:05] [TestNG-tests-1] INFO  utility.LoggingUtil - Executing End to End test with data provider
[2026-04-23 21:37:35] [TestNG-tests-2] INFO  utility.LoggingUtil - Browser closed
[2026-04-23 21:37:50] [TestNG-tests-1] INFO  utility.LoggingUtil - Browser closed
[2026-04-23 21:37:59] [TestNG-tests-1] INFO  utility.LoggingUtil - Browser launched
[2026-04-23 21:37:59] [TestNG-tests-1] INFO  utility.LoggingUtil - Executing End to End test with data provider
[2026-04-23 21:38:26] [TestNG-tests-1] INFO  utility.LoggingUtil - Browser closed
[2026-04-23 21:38:34] [TestNG-tests-1] INFO  utility.LoggingUtil - Browser launched
[2026-04-23 21:38:34] [TestNG-tests-1] INFO  utility.LoggingUtil - Executing End to End test with data provider
[2026-04-23 21:39:00] [TestNG-tests-1] INFO  utility.LoggingUtil - Browser closed
[2026-04-24 11:07:46] [TestNG-tests-2] INFO  utility.LoggingUtil - Browser launched
[2026-04-24 11:07:46] [TestNG-tests-1] INFO  utility.LoggingUtil - Browser launched
[2026-04-24 11:07:46] [TestNG-tests-2] INFO  utility.LoggingUtil - Executing AddItemsToCartWithoutLogin
[2026-04-24 11:07:46] [TestNG-tests-1] INFO  utility.LoggingUtil - Executing End to End test with data provider
[2026-04-24 11:08:08] [TestNG-tests-1] INFO  utility.LoggingUtil - Browser closed
[2026-04-24 11:08:27] [TestNG-tests-2] INFO  utility.LoggingUtil - Browser closed
[2026-04-24 11:08:33] [TestNG-tests-1] INFO  utility.LoggingUtil - Browser launched
[2026-04-24 11:08:33] [TestNG-tests-1] INFO  utility.LoggingUtil - Executing End to End test with data provider
[2026-04-24 11:09:01] [TestNG-tests-1] INFO  utility.LoggingUtil - Browser closed
[2026-04-24 11:09:25] [TestNG-tests-1] INFO  utility.LoggingUtil - Browser launched
[2026-04-24 11:09:25] [TestNG-tests-1] INFO  utility.LoggingUtil - Executing End to End test with data provider
[2026-04-24 11:09:55] [TestNG-tests-1] INFO  utility.LoggingUtil - Browser closed
[2026-04-24 12:03:20] [TestNG-tests-2] INFO  utility.LoggingUtil - Browser launched
[2026-04-24 12:03:20] [TestNG-tests-2] INFO  utility.LoggingUtil - Executing iframe test and alert test
[2026-04-24 12:03:27] [TestNG-tests-1] INFO  utility.LoggingUtil - Browser launched
[2026-04-24 12:03:27] [TestNG-tests-1] INFO  utility.LoggingUtil - Executing End to End test with data provider
[2026-04-24 12:04:03] [TestNG-tests-1] INFO  utility.LoggingUtil - Browser closed
[2026-04-24 12:04:41] [TestNG-tests-2] INFO  utility.LoggingUtil - iframe and alert action execution completed successfully
[2026-04-24 12:04:41] [TestNG-tests-2] INFO  utility.LoggingUtil - Browser closed
[2026-04-24 12:04:46] [TestNG-tests-1] INFO  utility.LoggingUtil - Browser launched
[2026-04-24 12:04:46] [TestNG-tests-1] INFO  utility.LoggingUtil - Executing End to End test with data provider
[2026-04-24 12:05:12] [TestNG-tests-1] INFO  utility.LoggingUtil - Browser closed
[2026-04-24 12:05:36] [TestNG-tests-1] INFO  utility.LoggingUtil - Browser launched
[2026-04-24 12:05:36] [TestNG-tests-1] INFO  utility.LoggingUtil - Executing End to End test with data provider
[2026-04-24 12:06:04] [TestNG-tests-1] INFO  utility.LoggingUtil - Browser closed
[2026-04-24 12:15:52] [TestNG-tests-1] INFO  utility.LoggingUtil - Browser launched
[2026-04-24 12:15:52] [TestNG-tests-1] INFO  utility.LoggingUtil - Executing AddItemsToCartWithoutLogin
[2026-04-24 12:16:02] [TestNG-tests-2] INFO  utility.LoggingUtil - Browser launched
[2026-04-24 12:16:02] [TestNG-tests-2] INFO  utility.LoggingUtil - Executing End to End test with data provider
[2026-04-24 12:16:23] [TestNG-tests-1] INFO  utility.LoggingUtil - Browser closed
[2026-04-24 12:16:35] [TestNG-tests-2] INFO  utility.LoggingUtil - Browser closed
[2026-04-24 12:16:46] [TestNG-tests-2] INFO  utility.LoggingUtil - Browser launched
[2026-04-24 12:16:46] [TestNG-tests-2] INFO  utility.LoggingUtil - Executing End to End test with data provider
[2026-04-24 12:17:16] [TestNG-tests-2] INFO  utility.LoggingUtil - Browser closed
[2026-04-24 12:17:33] [TestNG-tests-2] INFO  utility.LoggingUtil - Browser launched
[2026-04-24 12:17:33] [TestNG-tests-2] INFO  utility.LoggingUtil - Executing End to End test with data provider
[2026-04-24 12:18:05] [TestNG-tests-2] INFO  utility.LoggingUtil - Browser closed
[2026-04-24 12:20:16] [TestNG-tests-1] INFO  utility.LoggingUtil - Browser launched
[2026-04-24 12:20:16] [TestNG-tests-1] INFO  utility.LoggingUtil - Executing AddItemsToCartWithoutLogin
[2026-04-24 12:20:19] [TestNG-tests-2] INFO  utility.LoggingUtil - Browser launched
[2026-04-24 12:20:19] [TestNG-tests-2] INFO  utility.LoggingUtil - Executing End to End test with data provider
[2026-04-24 12:20:57] [TestNG-tests-2] INFO  utility.LoggingUtil - Browser closed
[2026-04-24 12:21:17] [TestNG-tests-1] INFO  utility.LoggingUtil - Browser closed
[2026-04-24 12:21:28] [TestNG-tests-2] INFO  utility.LoggingUtil - Browser launched
[2026-04-24 12:21:28] [TestNG-tests-2] INFO  utility.LoggingUtil - Executing End to End test with data provider
[2026-04-24 12:22:00] [TestNG-tests-2] INFO  utility.LoggingUtil - Browser closed
[2026-04-24 12:22:13] [TestNG-tests-2] INFO  utility.LoggingUtil - Browser launched
[2026-04-24 12:22:13] [TestNG-tests-2] INFO  utility.LoggingUtil - Executing End to End test with data provider
[2026-04-24 12:22:43] [TestNG-tests-2] INFO  utility.LoggingUtil - Browser closed
[2026-04-25 12:06:14] [main] INFO  utility.LoggingUtil - Browser launched
[2026-04-25 12:06:14] [main] INFO  utility.LoggingUtil - Executing End to End test with data provider
[2026-04-25 12:06:59] [main] INFO  utility.LoggingUtil - Browser closed
[2026-04-25 12:07:17] [main] INFO  utility.LoggingUtil - Browser launched
[2026-04-25 12:07:17] [main] INFO  utility.LoggingUtil - Executing End to End test with data provider
[2026-04-25 12:07:27] [main] INFO  utility.LoggingUtil - Validating invalid login scenario
[2026-04-25 12:07:28] [main] INFO  utility.LoggingUtil - Browser closed
[2026-04-27 10:27:58] [main] INFO  utility.LoggingUtil - Browser launched
[2026-04-27 10:27:58] [main] INFO  utility.LoggingUtil - Executing End to End test with data provider
[2026-04-27 10:28:38] [main] INFO  utility.LoggingUtil - Browser closed
[2026-04-27 10:28:44] [main] INFO  utility.LoggingUtil - Browser launched
[2026-04-27 10:28:44] [main] INFO  utility.LoggingUtil - Executing End to End test with data provider
[2026-04-27 10:28:46] [main] INFO  utility.LoggingUtil - Validating invalid login scenario
[2026-04-27 10:28:47] [main] INFO  utility.LoggingUtil - Browser closed
[2026-04-27 10:29:42] [main] INFO  utility.LoggingUtil - Browser launched
[2026-04-27 10:29:42] [main] INFO  utility.LoggingUtil - Executing End to End test with data provider
[2026-04-27 10:30:15] [main] INFO  utility.LoggingUtil - Browser closed
[2026-04-27 10:30:24] [main] INFO  utility.LoggingUtil - Browser launched
[2026-04-27 10:30:24] [main] INFO  utility.LoggingUtil - Executing End to End test with data provider
[2026-04-27 10:30:26] [main] INFO  utility.LoggingUtil - Validating invalid login scenario
[2026-04-27 10:30:27] [main] INFO  utility.LoggingUtil - Browser closed
[2026-04-27 10:46:44] [main] INFO  utility.LoggingUtil - Browser launched
[2026-04-27 10:46:44] [main] INFO  utility.LoggingUtil - Executing End to End test with data provider
[2026-04-27 10:47:23] [main] INFO  utility.LoggingUtil - End to End test executed successfully
[2026-04-27 10:47:24] [main] INFO  utility.LoggingUtil - Browser closed
[2026-04-27 10:47:30] [main] INFO  utility.LoggingUtil - Browser launched
[2026-04-27 10:47:30] [main] INFO  utility.LoggingUtil - Executing End to End test with data provider
[2026-04-27 10:47:32] [main] INFO  utility.LoggingUtil - Validating invalid login scenario
[2026-04-27 10:47:32] [main] INFO  utility.LoggingUtil - Browser closed
[2026-04-27 11:00:43] [main] INFO  utility.LoggingUtil - Browser launched
[2026-04-27 11:00:43] [main] INFO  utility.LoggingUtil - Executing End to End test with data provider
[2026-04-27 11:01:09] [main] INFO  utility.LoggingUtil - Browser closed
[2026-04-27 11:01:17] [main] INFO  utility.LoggingUtil - Browser launched
[2026-04-27 11:01:17] [main] INFO  utility.LoggingUtil - Executing End to End test with data provider
[2026-04-27 11:01:20] [main] INFO  utility.LoggingUtil - Validating invalid login scenario
[2026-04-27 11:01:20] [main] INFO  utility.LoggingUtil - Browser closed
[2026-04-27 11:11:26] [main] INFO  utility.LoggingUtil - Browser launched
[2026-04-27 11:11:26] [main] INFO  utility.LoggingUtil - Executing End to End test with data provider
[2026-04-27 11:11:40] [main] INFO  utility.LoggingUtil - Browser closed
[2026-04-27 11:11:46] [main] INFO  utility.LoggingUtil - Browser launched
[2026-04-27 11:11:46] [main] INFO  utility.LoggingUtil - Executing End to End test with data provider
[2026-04-27 11:11:48] [main] INFO  utility.LoggingUtil - Validating invalid login scenario
[2026-04-27 11:11:49] [main] INFO  utility.LoggingUtil - Browser closed
[2026-04-27 11:16:05] [main] INFO  utility.LoggingUtil - Browser launched
[2026-04-27 11:16:05] [main] INFO  utility.LoggingUtil - Executing End to End test with data provider
[2026-04-27 11:16:15] [main] INFO  utility.LoggingUtil - Browser closed
[2026-04-27 11:16:21] [main] INFO  utility.LoggingUtil - Browser launched
[2026-04-27 11:16:21] [main] INFO  utility.LoggingUtil - Executing End to End test with data provider
[2026-04-27 11:16:24] [main] INFO  utility.LoggingUtil - Validating invalid login scenario
[2026-04-27 11:16:24] [main] INFO  utility.LoggingUtil - Browser closed
[2026-04-27 11:22:11] [main] INFO  utility.LoggingUtil - Browser launched
[2026-04-27 11:22:11] [main] INFO  utility.LoggingUtil - Executing End to End test with data provider
[2026-04-27 11:22:16] [main] INFO  utility.LoggingUtil - Browser closed
[2026-04-27 11:22:24] [main] INFO  utility.LoggingUtil - Browser launched
[2026-04-27 11:22:24] [main] INFO  utility.LoggingUtil - Executing End to End test with data provider
[2026-04-27 11:22:26] [main] INFO  utility.LoggingUtil - Validating invalid login scenario
[2026-04-27 11:22:27] [main] INFO  utility.LoggingUtil - Browser closed
[2026-04-27 11:23:32] [main] INFO  utility.LoggingUtil - Browser launched
[2026-04-27 11:23:32] [main] INFO  utility.LoggingUtil - Executing End to End test with data provider
[2026-04-27 11:23:37] [main] INFO  utility.LoggingUtil - Browser closed
[2026-04-27 11:23:43] [main] INFO  utility.LoggingUtil - Browser launched
[2026-04-27 11:23:43] [main] INFO  utility.LoggingUtil - Executing End to End test with data provider
[2026-04-27 11:23:45] [main] INFO  utility.LoggingUtil - Validating invalid login scenario
[2026-04-27 11:23:46] [main] INFO  utility.LoggingUtil - Browser closed
[2026-04-27 11:25:08] [main] INFO  utility.LoggingUtil - Browser launched
[2026-04-27 11:25:08] [main] INFO  utility.LoggingUtil - Executing End to End test with data provider
[2026-04-27 11:25:13] [main] INFO  utility.LoggingUtil - Browser closed
[2026-04-27 11:25:19] [main] INFO  utility.LoggingUtil - Browser launched
[2026-04-27 11:25:19] [main] INFO  utility.LoggingUtil - Executing End to End test with data provider
[2026-04-27 11:25:21] [main] INFO  utility.LoggingUtil - Validating invalid login scenario
[2026-04-27 11:25:22] [main] INFO  utility.LoggingUtil - Browser closed
[2026-04-27 11:26:04] [main] INFO  utility.LoggingUtil - Browser launched
[2026-04-27 11:26:04] [main] INFO  utility.LoggingUtil - Executing End to End test with data provider
[2026-04-27 11:26:14] [main] INFO  utility.LoggingUtil - Browser closed
[2026-04-27 11:26:20] [main] INFO  utility.LoggingUtil - Browser launched
[2026-04-27 11:26:20] [main] INFO  utility.LoggingUtil - Executing End to End test with data provider
[2026-04-27 11:26:22] [main] INFO  utility.LoggingUtil - Validating invalid login scenario
[2026-04-27 11:26:23] [main] INFO  utility.LoggingUtil - Browser closed
[2026-04-27 11:29:08] [main] INFO  utility.LoggingUtil - Browser launched
[2026-04-27 11:29:08] [main] INFO  utility.LoggingUtil - Executing End to End test with data provider
[2026-04-27 11:29:21] [main] INFO  utility.LoggingUtil - Browser closed
[2026-04-27 11:29:33] [main] INFO  utility.LoggingUtil - Browser launched
[2026-04-27 11:29:33] [main] INFO  utility.LoggingUtil - Executing End to End test with data provider
[2026-04-27 11:29:35] [main] INFO  utility.LoggingUtil - Validating invalid login scenario
[2026-04-27 11:29:36] [main] INFO  utility.LoggingUtil - Browser closed
[2026-04-27 11:33:58] [main] INFO  utility.LoggingUtil - Browser launched
[2026-04-27 11:33:58] [main] INFO  utility.LoggingUtil - Executing End to End test with data provider
[2026-04-27 11:34:32] [main] INFO  utility.LoggingUtil - End to End test executed successfully
[2026-04-27 11:34:32] [main] INFO  utility.LoggingUtil - Browser closed
[2026-04-27 11:34:43] [main] INFO  utility.LoggingUtil - Browser launched
[2026-04-27 11:34:43] [main] INFO  utility.LoggingUtil - Executing End to End test with data provider
[2026-04-27 11:34:46] [main] INFO  utility.LoggingUtil - Validating invalid login scenario
[2026-04-27 11:34:46] [main] INFO  utility.LoggingUtil - Browser closed
[2026-04-27 12:10:44] [main] INFO  utility.LoggingUtil - Browser launched
[2026-04-27 12:10:44] [main] INFO  utility.LoggingUtil - Executing End to End test with data provider
[2026-04-27 12:11:31] [main] INFO  utility.LoggingUtil - End to End test executed successfully
[2026-04-27 12:11:32] [main] INFO  utility.LoggingUtil - Browser closed
[2026-04-27 12:11:41] [main] INFO  utility.LoggingUtil - Browser launched
[2026-04-27 12:11:41] [main] INFO  utility.LoggingUtil - Executing End to End test with data provider
[2026-04-27 12:11:43] [main] INFO  utility.LoggingUtil - Validating invalid login scenario
[2026-04-27 12:11:44] [main] INFO  utility.LoggingUtil - Browser closed
[2026-04-27 12:11:51] [main] INFO  utility.LoggingUtil - Browser launched
[2026-04-27 12:12:00] [main] INFO  utility.LoggingUtil - Browser closed
[2026-04-27 12:21:15] [main] INFO  utility.LoggingUtil - Browser launched
[2026-04-27 12:21:15] [main] INFO  utility.LoggingUtil - Executing End to End test with data provider
[2026-04-27 12:21:53] [main] INFO  utility.LoggingUtil - End to End test executed successfully
[2026-04-27 12:21:53] [main] INFO  utility.LoggingUtil - Browser closed
[2026-04-27 12:21:56] [main] INFO  utility.LoggingUtil - Browser launched
[2026-04-27 12:21:56] [main] INFO  utility.LoggingUtil - Executing End to End test with data provider
[2026-04-27 12:22:03] [main] INFO  utility.LoggingUtil - Validating invalid login scenario
[2026-04-27 12:22:04] [main] INFO  utility.LoggingUtil - Browser closed
[2026-04-27 12:22:11] [main] INFO  utility.LoggingUtil - Browser launched
[2026-04-27 12:22:18] [main] INFO  utility.LoggingUtil - Browser closed
[2026-04-27 13:15:53] [main] INFO  utility.LoggingUtil - Browser launched
[2026-04-27 13:15:53] [main] INFO  utility.LoggingUtil - Executing End to End test with data provider
[2026-04-27 13:16:33] [main] INFO  utility.LoggingUtil - Browser closed
[2026-04-27 13:16:39] [main] INFO  utility.LoggingUtil - Browser launched
[2026-04-27 13:16:39] [main] INFO  utility.LoggingUtil - Executing End to End test with data provider
[2026-04-27 13:16:42] [main] INFO  utility.LoggingUtil - Validating invalid login scenario
[2026-04-27 13:16:42] [main] INFO  utility.LoggingUtil - Browser closed
[2026-04-27 13:16:50] [main] INFO  utility.LoggingUtil - Browser launched
[2026-04-27 13:16:59] [main] INFO  utility.LoggingUtil - Browser closed
[2026-04-27 13:17:56] [main] INFO  utility.LoggingUtil - Browser launched
[2026-04-27 13:17:56] [main] INFO  utility.LoggingUtil - Executing End to End test with data provider
[2026-04-27 13:18:38] [main] INFO  utility.LoggingUtil - End to End test executed successfully
[2026-04-27 13:18:38] [main] INFO  utility.LoggingUtil - Browser closed
[2026-04-27 13:18:49] [main] INFO  utility.LoggingUtil - Browser launched
[2026-04-27 13:18:49] [main] INFO  utility.LoggingUtil - Executing End to End test with data provider
[2026-04-27 13:18:51] [main] INFO  utility.LoggingUtil - Validating invalid login scenario
[2026-04-27 13:18:52] [main] INFO  utility.LoggingUtil - Browser closed
[2026-04-27 13:18:58] [main] INFO  utility.LoggingUtil - Browser launched
[2026-04-27 13:19:09] [main] INFO  utility.LoggingUtil - Browser closed
[2026-04-27 13:19:16] [main] INFO  utility.LoggingUtil - Browser launched
[2026-04-27 13:19:23] [main] INFO  utility.LoggingUtil - Browser closed
[2026-04-27 14:53:18] [main] INFO  utility.LoggingUtil - Browser launched
[2026-04-27 14:53:25] [main] INFO  utility.LoggingUtil - Browser closed
[2026-04-27 14:56:04] [main] INFO  utility.LoggingUtil - Browser launched
[2026-04-27 14:56:11] [main] INFO  utility.LoggingUtil - Browser closed
[2026-04-27 14:59:35] [main] INFO  utility.LoggingUtil - Browser launched
[2026-04-27 14:59:42] [main] INFO  utility.LoggingUtil - Browser closed
[2026-04-27 15:02:33] [main] INFO  utility.LoggingUtil - Browser launched
[2026-04-27 15:02:33] [main] INFO  utility.LoggingUtil - Executing End to End test with data provider
[2026-04-27 15:02:45] [main] INFO  utility.LoggingUtil - Browser closed
[2026-04-27 15:02:56] [main] INFO  utility.LoggingUtil - Browser launched
[2026-04-27 15:02:56] [main] INFO  utility.LoggingUtil - Executing End to End test with data provider
[2026-04-27 15:02:57] [main] INFO  utility.LoggingUtil - Validating invalid login scenario
[2026-04-27 15:02:57] [main] INFO  utility.LoggingUtil - Browser closed
[2026-04-27 15:03:05] [main] INFO  utility.LoggingUtil - Browser launched
[2026-04-27 15:03:13] [main] INFO  utility.LoggingUtil - Browser closed
[2026-04-27 15:04:44] [main] INFO  utility.LoggingUtil - Browser launched
[2026-04-27 15:04:44] [main] INFO  utility.LoggingUtil - Executing End to End test with data provider
[2026-04-27 15:04:56] [main] INFO  utility.LoggingUtil - Browser closed
[2026-04-27 15:05:01] [main] INFO  utility.LoggingUtil - Browser launched
[2026-04-27 15:05:01] [main] INFO  utility.LoggingUtil - Executing End to End test with data provider
[2026-04-27 15:05:03] [main] INFO  utility.LoggingUtil - Validating invalid login scenario
[2026-04-27 15:05:03] [main] INFO  utility.LoggingUtil - Browser closed
[2026-04-27 15:05:09] [main] INFO  utility.LoggingUtil - Browser launched
[2026-04-27 15:05:16] [main] INFO  utility.LoggingUtil - Browser closed
[2026-04-27 15:07:32] [main] INFO  utility.LoggingUtil - Browser launched
[2026-04-27 15:07:32] [main] INFO  utility.LoggingUtil - Executing End to End test with data provider
[2026-04-27 15:08:09] [main] INFO  utility.LoggingUtil - End to End test executed successfully
[2026-04-27 15:08:09] [main] INFO  utility.LoggingUtil - Browser closed
[2026-04-27 15:08:16] [main] INFO  utility.LoggingUtil - Browser launched
[2026-04-27 15:08:16] [main] INFO  utility.LoggingUtil - Executing End to End test with data provider
[2026-04-27 15:08:17] [main] INFO  utility.LoggingUtil - Validating invalid login scenario
[2026-04-27 15:08:18] [main] INFO  utility.LoggingUtil - Browser closed
[2026-04-27 15:08:23] [main] INFO  utility.LoggingUtil - Browser launched
[2026-04-27 15:08:29] [main] INFO  utility.LoggingUtil - Browser closed
[2026-04-27 15:08:36] [main] INFO  utility.LoggingUtil - Browser launched
[2026-04-27 15:08:42] [main] INFO  utility.LoggingUtil - Browser closed
[2026-04-27 15:17:01] [main] INFO  utility.LoggingUtil - Browser launched
[2026-04-27 15:17:01] [main] INFO  utility.LoggingUtil - Executing End to End test with data provider
[2026-04-27 15:17:27] [main] INFO  utility.LoggingUtil - End to End test executed successfully
[2026-04-27 15:17:27] [main] INFO  utility.LoggingUtil - Browser closed
[2026-04-27 15:17:35] [main] INFO  utility.LoggingUtil - Browser launched
[2026-04-27 15:17:35] [main] INFO  utility.LoggingUtil - Executing End to End test with data provider
[2026-04-27 15:17:37] [main] INFO  utility.LoggingUtil - Validating invalid login scenario
[2026-04-27 15:17:37] [main] INFO  utility.LoggingUtil - Browser closed
[2026-04-27 15:17:45] [main] INFO  utility.LoggingUtil - Browser launched
[2026-04-27 15:17:52] [main] INFO  utility.LoggingUtil - Browser closed
[2026-04-27 15:17:58] [main] INFO  utility.LoggingUtil - Browser launched
[2026-04-27 15:18:03] [main] INFO  utility.LoggingUtil - Browser closed
